<?xml version="1.0" encoding="UTF-8"?>
<!-- Generated by org.testng.reporters.JUnitReportReporter -->
<testsuite skipped="0" hostname="iq24" name="autoFramework.TestSuite" tests="1" failures="0" timestamp="01 Aug 2018 07:21:34 GMT" time="67.604" errors="0">
  <testcase name="readTestSuite" time="67.604" classname="autoFramework.TestSuite"/>
</testsuite> <!-- autoFramework.TestSuite -->
