<?xml version="1.0" encoding="UTF-8"?>
<!-- Generated by org.testng.reporters.JUnitReportReporter -->
<testsuite skipped="0" hostname="iq24" name="autoFramework.TestSuite" tests="1" failures="0" timestamp="27 Jul 2018 07:08:18 GMT" time="125.577" errors="0">
  <testcase name="readTestSuite" time="125.577" classname="autoFramework.TestSuite"/>
</testsuite> <!-- autoFramework.TestSuite -->
